<?xml version="1.0" encoding="utf-8"?><testsuites name="pytest tests"><testsuite name="pytest" errors="0" failures="0" skipped="0" tests="17" time="2.814" timestamp="2026-06-30T14:08:06.353014+00:00" hostname="agent-env-5974ef86-7be8-4187-844b-356a4296aabc"><testcase classname="backend.tests.test_bids_api.TestBidCreation" name="test_create_bid_on_truck_load" time="0.177" /><testcase classname="backend.tests.test_bids_api.TestBidCreation" name="test_resubmitting_bid_updates_existing" time="1.148" /><testcase classname="backend.tests.test_bids_api.TestBidCreation" name="test_self_bid_blocked" time="0.042" /><testcase classname="backend.tests.test_bids_api.TestBidCreation" name="test_bid_on_ptl_load" time="0.155" /><testcase classname="backend.tests.test_bids_api.TestBidCreation" name="test_invalid_weight_tons" time="0.047" /><testcase classname="backend.tests.test_bids_api.TestBidCreation" name="test_missing_cargo_type" time="0.043" /><testcase classname="backend.tests.test_bids_api.TestBidCreation" name="test_invalid_listing_type" time="0.055" /><testcase classname="backend.tests.test_bids_api.TestBidCreation" name="test_listing_not_found" time="0.043" /><testcase classname="backend.tests.test_bids_api.TestDeviation" name="test_deviation_null_when_bidder_has_no_coords" time="0.059" /><testcase classname="backend.tests.test_bids_api.TestDeviation" name="test_deviation_null_when_post_has_no_coords" time="0.088" /><testcase classname="backend.tests.test_bids_api.TestBidCheck" name="test_check_before_bid_is_false" time="0.108" /><testcase classname="backend.tests.test_bids_api.TestBidCheck" name="test_check_after_bid_returns_bid" time="0.089" /><testcase classname="backend.tests.test_bids_api.TestBidListing" name="test_owner_sees_bids_sorted_newest_first" time="0.054" /><testcase classname="backend.tests.test_bids_api.TestBidListing" name="test_non_owner_forbidden" time="0.044" /><testcase classname="backend.tests.test_bids_api.TestBidCounts" name="test_counts_aggregates_across_owned_posts" time="0.043" /><testcase classname="backend.tests.test_bids_api.TestBidCounts" name="test_counts_ignores_posts_not_owned" time="0.057" /><testcase classname="backend.tests.test_bids_api.TestBidWithdraw" name="test_withdraw_removes_bid" time="0.340" /></testsuite></testsuites>