<?xml version="1.0" encoding="utf-8"?><testsuites name="pytest tests"><testsuite name="pytest" errors="0" failures="0" skipped="0" tests="16" time="1.769" timestamp="2026-05-28T08:32:43.939917+00:00" hostname="agent-env-862fae7d-084d-4bf0-a31c-d897097d2f28"><testcase classname="backend.tests.test_users_api.TestRoot" name="test_root" time="0.025" /><testcase classname="backend.tests.test_users_api.TestUsersUpsert" name="test_create_user_returns_persisted_doc" time="0.005" /><testcase classname="backend.tests.test_users_api.TestUsersUpsert" name="test_upsert_updates_existing_user" time="1.149" /><testcase classname="backend.tests.test_users_api.TestUsersUpsert" name="test_phone_normalisation_plus91" time="0.045" /><testcase classname="backend.tests.test_users_api.TestUsersUpsert" name="test_phone_normalisation_91prefix" time="0.003" /><testcase classname="backend.tests.test_users_api.TestUsersUpsert" name="test_short_phone_rejected" time="0.002" /><testcase classname="backend.tests.test_users_api.TestUsersUpsert" name="test_empty_name_rejected" time="0.001" /><testcase classname="backend.tests.test_users_api.TestUsersUpsert" name="test_short_name_rejected" time="0.001" /><testcase classname="backend.tests.test_users_api.TestGetUser" name="test_get_existing_user" time="0.045" /><testcase classname="backend.tests.test_users_api.TestGetUser" name="test_get_missing_user" time="0.002" /><testcase classname="backend.tests.test_users_api.TestGetUser" name="test_get_invalid_phone" time="0.001" /><testcase classname="backend.tests.test_users_api.TestPersistence" name="test_user_actually_stored_in_mongo" time="0.006" /><testcase classname="backend.tests.test_users_api.TestRegression" name="test_pincode_lookup" time="0.207" /><testcase classname="backend.tests.test_users_api.TestRegression" name="test_pincode_invalid_length" time="0.002" /><testcase classname="backend.tests.test_users_api.TestRegression" name="test_loads_create_and_list" time="0.112" /><testcase classname="backend.tests.test_users_api.TestRegression" name="test_verify_token_endpoint_exists" time="0.006" /></testsuite></testsuites>