<?xml version="1.0" encoding="utf-8"?><testsuites name="pytest tests"><testsuite name="pytest" errors="0" failures="0" skipped="0" tests="28" time="0.285" timestamp="2026-06-25T05:35:49.878630+00:00" hostname="agent-env-5fe35606-60c9-4a42-9c5a-c4cc4da443f9"><testcase classname="backend.tests.test_ptl_api.TestSanityRegression" name="test_root" time="0.028" /><testcase classname="backend.tests.test_ptl_api.TestSanityRegression" name="test_user_get" time="0.003" /><testcase classname="backend.tests.test_ptl_api.TestSanityRegression" name="test_legacy_loads_endpoint_exists" time="0.002" /><testcase classname="backend.tests.test_ptl_api.TestPtlLoadsCreate" name="test_create_first_load_creates_new_group" time="0.005" /><testcase classname="backend.tests.test_ptl_api.TestPtlLoadsCreate" name="test_second_compatible_load_merges" time="0.005" /><testcase classname="backend.tests.test_ptl_api.TestPtlLoadsCreate" name="test_hazmat_does_not_merge_with_general" time="0.003" /><testcase classname="backend.tests.test_ptl_api.TestPtlLoadsCreate" name="test_far_origin_does_not_merge" time="0.003" /><testcase classname="backend.tests.test_ptl_api.TestPtlLoadsCreate" name="test_capacity_overflow_creates_new_group" time="0.003" /><testcase classname="backend.tests.test_ptl_api.TestPtlLoadsValidation" name="test_invalid_phone" time="0.002" /><testcase classname="backend.tests.test_ptl_api.TestPtlLoadsValidation" name="test_zero_weight" time="0.001" /><testcase classname="backend.tests.test_ptl_api.TestPtlLoadsValidation" name="test_overweight" time="0.001" /><testcase classname="backend.tests.test_ptl_api.TestPtlLoadsValidation" name="test_bad_cargo_category" time="0.002" /><testcase classname="backend.tests.test_ptl_api.TestPtlGroupsList" name="test_list_groups_no_phone_leaked" time="0.010" /><testcase classname="backend.tests.test_ptl_api.TestPtlGroupsList" name="test_list_groups_filter_by_corridor" time="0.005" /><testcase classname="backend.tests.test_ptl_api.TestPtlGroupsList" name="test_get_group_detail_phone_hidden_for_anonymous" time="0.003" /><testcase classname="backend.tests.test_ptl_api.TestPtlGroupsList" name="test_get_group_404" time="0.002" /><testcase classname="backend.tests.test_ptl_api.TestPtlConfirm" name="test_confirm_member1_does_not_make_full" time="0.004" /><testcase classname="backend.tests.test_ptl_api.TestPtlConfirm" name="test_confirm_outsider_404" time="0.002" /><testcase classname="backend.tests.test_ptl_api.TestPtlConfirm" name="test_confirm_all_members_marks_full" time="0.004" /><testcase classname="backend.tests.test_ptl_api.TestPtlConfirm" name="test_confirmed_viewer_sees_other_phone" time="0.002" /><testcase classname="backend.tests.test_ptl_api.TestPtlConfirm" name="test_anonymous_viewer_does_not_see_phone" time="0.002" /><testcase classname="backend.tests.test_ptl_api.TestMyLoads" name="test_my_loads_flattened" time="0.002" /><testcase classname="backend.tests.test_ptl_api.TestMyLoads" name="test_my_loads_bad_phone" time="0.001" /><testcase classname="backend.tests.test_ptl_api.TestPtlCancel" name="test_cancel_wrong_phone_403" time="0.002" /><testcase classname="backend.tests.test_ptl_api.TestPtlCancel" name="test_cancel_nonexistent_404" time="0.002" /><testcase classname="backend.tests.test_ptl_api.TestPtlCancel" name="test_cancel_recomputes_group" time="0.004" /><testcase classname="backend.tests.test_ptl_api.TestPtlCancel" name="test_cancel_last_member_deletes_group" time="0.004" /><testcase classname="backend.tests.test_ptl_api.TestPtlCancel" name="test_cancelled_load_excluded_from_my_loads" time="0.004" /></testsuite></testsuites>