<?xml version="1.0" encoding="utf-8"?><testsuites name="pytest tests"><testsuite name="pytest" errors="0" failures="0" skipped="0" tests="19" time="3.952" timestamp="2026-08-24T09:55:35.553196+00:00" hostname="agent-env-3e095db2-3f39-49f2-b91c-7b78ae0bcc3c"><testcase classname="tests.test_unlocode_ports.TestLoadCreateUnlocode" name="test_create_load_stores_unlocode_without_coords" time="0.269" /><testcase classname="tests.test_unlocode_ports.TestLoadCreateUnlocode" name="test_create_load_passes_through_client_coords" time="0.119" /><testcase classname="tests.test_unlocode_ports.TestLoadExactMatchFilter" name="test_exact_pair_filter" time="0.567" /><testcase classname="tests.test_unlocode_ports.TestLoadExactMatchFilter" name="test_origin_only_filter" time="0.111" /><testcase classname="tests.test_unlocode_ports.TestLoadExactMatchFilter" name="test_no_match_returns_empty" time="0.077" /><testcase classname="tests.test_unlocode_ports.TestLoadExactMatchFilter" name="test_lowercase_query_case_sensitivity" time="0.072" /><testcase classname="tests.test_unlocode_ports.TestLoadExactMatchFilter" name="test_list_no_filter_includes_images_stripped" time="0.110" /><testcase classname="tests.test_unlocode_ports.TestLoadExactMatchFilter" name="test_past_loading_date_auto_deleted" time="0.219" /><testcase classname="tests.test_unlocode_ports.TestLoadPatch" name="test_patch_location_fields" time="0.347" /><testcase classname="tests.test_unlocode_ports.TestLoadPatch" name="test_patch_unknown_load_404" time="0.065" /><testcase classname="tests.test_unlocode_ports.TestLoadPatch" name="test_patch_empty_body_400" time="0.173" /><testcase classname="tests.test_unlocode_ports.TestPtlUnlocodeCorridor" name="test_solo_group_created_with_unlocode_corridor" time="0.168" /><testcase classname="tests.test_unlocode_ports.TestPtlUnlocodeCorridor" name="test_ptl_load_stores_unlocode_pincode_no_geocode" time="0.001" /><testcase classname="tests.test_unlocode_ports.TestPtlUnlocodeCorridor" name="test_groups_exact_corridor_match" time="0.112" /><testcase classname="tests.test_unlocode_ports.TestPtlUnlocodeCorridor" name="test_groups_other_corridor_returns_zero" time="0.086" /><testcase classname="tests.test_unlocode_ports.TestPtlUnlocodeCorridor" name="test_groups_lowercase_corridor_query" time="0.131" /><testcase classname="tests.test_unlocode_ports.TestPtlUnlocodeCorridor" name="test_groups_origin_only_prefix_match" time="0.123" /><testcase classname="tests.test_unlocode_ports.TestPtlUnlocodeCorridor" name="test_ptl_cancel_load" time="0.150" /><testcase classname="tests.test_unlocode_ports.TestBidOnUnlocodeLoad" name="test_bid_on_unlocode_load" time="0.928" /></testsuite></testsuites>