<?xml version="1.0" encoding="utf-8"?><testsuites name="pytest tests"><testsuite name="pytest" errors="0" failures="1" skipped="0" tests="19" time="2.155" timestamp="2026-08-25T06:16:32.247463+00:00" hostname="agent-env-3e095db2-3f39-49f2-b91c-7b78ae0bcc3c"><testcase classname="tests.test_unlocode_ports.TestLoadCreateUnlocode" name="test_create_load_stores_unlocode_without_coords" time="0.178" /><testcase classname="tests.test_unlocode_ports.TestLoadCreateUnlocode" name="test_create_load_passes_through_client_coords" time="0.051" /><testcase classname="tests.test_unlocode_ports.TestLoadExactMatchFilter" name="test_exact_pair_filter" time="0.243" /><testcase classname="tests.test_unlocode_ports.TestLoadExactMatchFilter" name="test_origin_only_filter" time="0.045" /><testcase classname="tests.test_unlocode_ports.TestLoadExactMatchFilter" name="test_no_match_returns_empty" time="0.042" /><testcase classname="tests.test_unlocode_ports.TestLoadExactMatchFilter" name="test_lowercase_query_case_sensitivity" time="0.045"><failure message="AssertionError: lowercase now matches — behaviour changed&#10;assert [{'origin_pin...te': '', ...}] == []&#10;  &#10;  Left contains 3 more items, first extra item: {'origin_pincode': 'INNSA', 'origin_locality': 'TEST Port Origin', 'origin_city': 'India', 'origin_state': '', ...}&#10;  Use -v to get more diff">self = &lt;test_unlocode_ports.TestLoadExactMatchFilter object at 0xfae7b088b890&gt;
s = &lt;requests.sessions.Session object at 0xfae7b2223310&gt;

    def test_lowercase_query_case_sensitivity(self, s):
        """Documented behaviour check: /loads filter is case-sensitive."""
        r = s.get(f"{API}/loads", params={"origin": "innsa", "destination": "sgsin"}, timeout=30)
        assert r.status_code == 200
&gt;       assert r.json() == [], "lowercase now matches — behaviour changed"
E       AssertionError: lowercase now matches — behaviour changed
E       assert [{'origin_pin...te': '', ...}] == []
E         
E         Left contains 3 more items, first extra item: {'origin_pincode': 'INNSA', 'origin_locality': 'TEST Port Origin', 'origin_city': 'India', 'origin_state': '', ...}
E         Use -v to get more diff

tests/test_unlocode_ports.py:156: AssertionError</failure></testcase><testcase classname="tests.test_unlocode_ports.TestLoadExactMatchFilter" name="test_list_no_filter_includes_images_stripped" time="0.045" /><testcase classname="tests.test_unlocode_ports.TestLoadExactMatchFilter" name="test_past_loading_date_auto_deleted" time="0.088" /><testcase classname="tests.test_unlocode_ports.TestLoadPatch" name="test_patch_location_fields" time="0.147" /><testcase classname="tests.test_unlocode_ports.TestLoadPatch" name="test_patch_unknown_load_404" time="0.044" /><testcase classname="tests.test_unlocode_ports.TestLoadPatch" name="test_patch_empty_body_400" time="0.088" /><testcase classname="tests.test_unlocode_ports.TestPtlUnlocodeCorridor" name="test_solo_group_created_with_unlocode_corridor" time="0.092" /><testcase classname="tests.test_unlocode_ports.TestPtlUnlocodeCorridor" name="test_ptl_load_stores_unlocode_pincode_no_geocode" time="0.001" /><testcase classname="tests.test_unlocode_ports.TestPtlUnlocodeCorridor" name="test_groups_exact_corridor_match" time="0.044" /><testcase classname="tests.test_unlocode_ports.TestPtlUnlocodeCorridor" name="test_groups_other_corridor_returns_zero" time="0.051" /><testcase classname="tests.test_unlocode_ports.TestPtlUnlocodeCorridor" name="test_groups_lowercase_corridor_query" time="0.045" /><testcase classname="tests.test_unlocode_ports.TestPtlUnlocodeCorridor" name="test_groups_origin_only_prefix_match" time="0.053" /><testcase classname="tests.test_unlocode_ports.TestPtlUnlocodeCorridor" name="test_ptl_cancel_load" time="0.089" /><testcase classname="tests.test_unlocode_ports.TestBidOnUnlocodeLoad" name="test_bid_on_unlocode_load" time="0.587" /></testsuite></testsuites>