<?xml version="1.0" encoding="utf-8"?><testsuites name="pytest tests"><testsuite name="pytest" errors="0" failures="0" skipped="0" tests="42" time="5.335" timestamp="2026-08-25T06:17:08.447956+00:00" hostname="agent-env-3e095db2-3f39-49f2-b91c-7b78ae0bcc3c"><testcase classname="tests.test_unlocode_ports.TestLoadCreateUnlocode" name="test_create_load_stores_unlocode_without_coords" time="0.266" /><testcase classname="tests.test_unlocode_ports.TestLoadCreateUnlocode" name="test_create_load_passes_through_client_coords" time="0.047" /><testcase classname="tests.test_unlocode_ports.TestLoadExactMatchFilter" name="test_exact_pair_filter" time="0.253" /><testcase classname="tests.test_unlocode_ports.TestLoadExactMatchFilter" name="test_origin_only_filter" time="0.047" /><testcase classname="tests.test_unlocode_ports.TestLoadExactMatchFilter" name="test_no_match_returns_empty" time="0.046" /><testcase classname="tests.test_unlocode_ports.TestLoadExactMatchFilter" name="test_lowercase_query_case_sensitivity" time="0.047" /><testcase classname="tests.test_unlocode_ports.TestLoadExactMatchFilter" name="test_list_no_filter_includes_images_stripped" time="0.044" /><testcase classname="tests.test_unlocode_ports.TestLoadExactMatchFilter" name="test_past_loading_date_auto_deleted" time="0.093" /><testcase classname="tests.test_unlocode_ports.TestLoadPatch" name="test_patch_location_fields" time="0.136" /><testcase classname="tests.test_unlocode_ports.TestLoadPatch" name="test_patch_unknown_load_404" time="0.045" /><testcase classname="tests.test_unlocode_ports.TestLoadPatch" name="test_patch_empty_body_400" time="0.088" /><testcase classname="tests.test_unlocode_ports.TestPtlUnlocodeCorridor" name="test_solo_group_created_with_unlocode_corridor" time="0.091" /><testcase classname="tests.test_unlocode_ports.TestPtlUnlocodeCorridor" name="test_ptl_load_stores_unlocode_pincode_no_geocode" time="0.001" /><testcase classname="tests.test_unlocode_ports.TestPtlUnlocodeCorridor" name="test_groups_exact_corridor_match" time="0.045" /><testcase classname="tests.test_unlocode_ports.TestPtlUnlocodeCorridor" name="test_groups_other_corridor_returns_zero" time="0.046" /><testcase classname="tests.test_unlocode_ports.TestPtlUnlocodeCorridor" name="test_groups_lowercase_corridor_query" time="0.045" /><testcase classname="tests.test_unlocode_ports.TestPtlUnlocodeCorridor" name="test_groups_origin_only_prefix_match" time="0.046" /><testcase classname="tests.test_unlocode_ports.TestPtlUnlocodeCorridor" name="test_ptl_cancel_load" time="0.093" /><testcase classname="tests.test_unlocode_ports.TestBidOnUnlocodeLoad" name="test_bid_on_unlocode_load" time="0.554" /><testcase classname="tests.test_vessel_voyage_reefer.TestVesselVoyageCreate" name="test_create_returns_vessel_voyage" time="0.105" /><testcase classname="tests.test_vessel_voyage_reefer.TestVesselVoyageCreate" name="test_vessel_voyage_persisted_and_listed" time="0.087" /><testcase classname="tests.test_vessel_voyage_reefer.TestVesselVoyageCreate" name="test_get_single_load_has_vessel_voyage" time="0.092" /><testcase classname="tests.test_vessel_voyage_reefer.TestVesselVoyageCreate" name="test_vessel_voyage_omitted_defaults_to_empty" time="0.046" /><testcase classname="tests.test_vessel_voyage_reefer.TestContainerTypes" name="test_truck_type_stored_verbatim[40ftHC]" time="0.091" /><testcase classname="tests.test_vessel_voyage_reefer.TestContainerTypes" name="test_truck_type_stored_verbatim[Reefer]" time="0.112" /><testcase classname="tests.test_vessel_voyage_reefer.TestContainerTypes" name="test_truck_type_stored_verbatim[20ft]" time="0.093" /><testcase classname="tests.test_vessel_voyage_reefer.TestContainerTypes" name="test_truck_type_stored_verbatim[40ft]" time="0.086" /><testcase classname="tests.test_vessel_voyage_reefer.TestExactMatchRegression" name="test_exact_match_only" time="0.209" /><testcase classname="tests.test_vessel_voyage_reefer.TestExactMatchRegression" name="test_case_insensitive_query" time="0.108" /><testcase classname="tests.test_vessel_voyage_reefer.TestExactMatchRegression" name="test_lowercase_write_normalised" time="0.144" /><testcase classname="tests.test_vessel_voyage_reefer.TestExactMatchRegression" name="test_unknown_corridor_empty" time="0.050" /><testcase classname="tests.test_vessel_voyage_reefer.TestPatchVesselVoyage" name="test_patch_updates_vessel_voyage" time="0.178" /><testcase classname="tests.test_vessel_voyage_reefer.TestPatchVesselVoyage" name="test_partial_patch_does_not_wipe_vessel_voyage" time="0.110" /><testcase classname="tests.test_vessel_voyage_reefer.TestPatchVesselVoyage" name="test_patch_truck_type_to_reefer" time="0.098" /><testcase classname="tests.test_vessel_voyage_reefer.TestPatchVesselVoyage" name="test_patch_unknown_id_404" time="0.045" /><testcase classname="tests.test_vessel_voyage_reefer.TestPatchVesselVoyage" name="test_patch_empty_body_400" time="0.087" /><testcase classname="tests.test_vessel_voyage_reefer.TestPtlReefer" name="test_create_user" time="0.044" /><testcase classname="tests.test_vessel_voyage_reefer.TestPtlReefer" name="test_ptl_reefer_group_forming" time="0.140" /><testcase classname="tests.test_vessel_voyage_reefer.TestPtlReefer" name="test_ptl_groups_lowercase_corridor_query" time="0.046" /><testcase classname="tests.test_vessel_voyage_reefer.TestPtlReefer" name="test_ptl_groups_other_corridor_excluded" time="0.044" /><testcase classname="tests.test_vessel_voyage_reefer.TestPtlReefer" name="test_ptl_reefer_over_capacity_rejected" time="0.042" /><testcase classname="tests.test_vessel_voyage_reefer.TestPtlReefer" name="test_ptl_40fthc_capacity" time="1.075" /></testsuite></testsuites>